#-----------------------------------------------------------
# Vivado v2018.3 (64-bit)
# SW Build 2405991 on Thu Dec  6 23:38:27 MST 2018
# IP Build 2404404 on Fri Dec  7 01:43:56 MST 2018
# Start of session at: Mon Sep 11 22:35:07 2023
# Process ID: 11120
# Current directory: C:/Users/Janindu Leelananda/OneDrive - University of Moratuwa/Documents/courses/custom processor-udemy/complete_processor
# Command line: vivado.exe -gui_launcher_event rodinguilauncherevent34804 C:\Users\Janindu Leelananda\OneDrive - University of Moratuwa\Documents\courses\custom processor-udemy\complete_processor\complete_processor.xpr
# Log file: C:/Users/Janindu Leelananda/OneDrive - University of Moratuwa/Documents/courses/custom processor-udemy/complete_processor/vivado.log
# Journal file: C:/Users/Janindu Leelananda/OneDrive - University of Moratuwa/Documents/courses/custom processor-udemy/complete_processor\vivado.jou
#-----------------------------------------------------------
start_gui
open_project {C:/Users/Janindu Leelananda/OneDrive - University of Moratuwa/Documents/courses/custom processor-udemy/complete_processor/complete_processor.xpr}
INFO: [ProjectBase 1-489] The host OS only allows 260 characters in a normal path. The project is stored in a path with more than 80 characters. If you experience issues with IP, Block Designs, or files not being found, please consider moving the project to a location with a shorter path. Alternately consider using the OS subst command to map part of the path to a drive letter.
Current project path is 'C:/Users/Janindu Leelananda/OneDrive - University of Moratuwa/Documents/courses/custom processor-udemy/complete_processor'
Scanning sources...
Finished scanning sources
INFO: [IP_Flow 19-234] Refreshing IP repositories
INFO: [IP_Flow 19-1704] No user IP repositories specified
INFO: [IP_Flow 19-2313] Loaded Vivado IP repository 'C:/Xilinx/Vivado/2018.3/data/ip'.
open_project: Time (s): cpu = 00:00:04 ; elapsed = 00:00:07 . Memory (MB): peak = 797.070 ; gain = 163.664
update_compile_order -fileset sources_1
exit
INFO: [Common 17-206] Exiting Vivado at Mon Sep 11 23:22:43 2023...
